[INFO] Scanning for projects...
[INFO] 
[INFO] ----------------------< com.smartride:smartride >-----------------------
[INFO] Building smartride 0.0.1-SNAPSHOT
[INFO]   from pom.xml
[INFO] --------------------------------[ jar ]---------------------------------
[INFO] 
[INFO] >>> spring-boot:3.5.10:run (default-cli) > test-compile @ smartride >>>
[INFO] 
[INFO] --- resources:3.3.1:resources (default-resources) @ smartride ---
[INFO] Copying 1 resource from src\main\resources to target\classes
[INFO] Copying 0 resource from src\main\resources to target\classes
[INFO] 
[INFO] --- compiler:3.14.1:compile (default-compile) @ smartride ---
[INFO] Nothing to compile - all classes are up to date.
[INFO] 
[INFO] --- resources:3.3.1:testResources (default-testResources) @ smartride ---
[INFO] skip non existing resourceDirectory C:\Users\vicky\OneDrive\Desktop\infosys_project1_VERIFIED\smartride\src\test\resources
[INFO] 
[INFO] --- compiler:3.14.1:testCompile (default-testCompile) @ smartride ---
[INFO] Nothing to compile - all classes are up to date.
[INFO] 
[INFO] <<< spring-boot:3.5.10:run (default-cli) < test-compile @ smartride <<<
[INFO] 
[INFO] 
[INFO] --- spring-boot:3.5.10:run (default-cli) @ smartride ---
[INFO] Attaching agents: []
Standard Commons Logging discovery in action with spring-jcl: please remove commons-logging.jar from classpath in order to avoid potential conflicts

  .   ____          _            __ _ _
 /\\ / ___'_ __ _ _(_)_ __  __ _ \ \ \ \
( ( )\___ | '_ | '_| | '_ \/ _` | \ \ \ \
 \\/  ___)| |_)| | | | | || (_| |  ) ) ) )
  '  |____| .__|_| |_|_| |_\__, | / / / /
 =========|_|==============|___/=/_/_/_/

 :: Spring Boot ::               (v3.5.10)

2026-03-27T11:31:38.600+05:30  INFO 16652 --- [smartride] [           main] c.s.smartride.SmartrideApplication       : Starting SmartrideApplication using Java 24.0.2 with PID 16652 (C:\Users\vicky\OneDrive\Desktop\infosys_project1_VERIFIED\smartride\target\classes started by vicky in C:\Users\vicky\OneDrive\Desktop\infosys_project1_VERIFIED\smartride)
2026-03-27T11:31:38.603+05:30  INFO 16652 --- [smartride] [           main] c.s.smartride.SmartrideApplication       : No active profile set, falling back to 1 default profile: "default"
2026-03-27T11:31:39.926+05:30  INFO 16652 --- [smartride] [           main] .s.d.r.c.RepositoryConfigurationDelegate : Bootstrapping Spring Data JPA repositories in DEFAULT mode.
2026-03-27T11:31:40.067+05:30  INFO 16652 --- [smartride] [           main] .s.d.r.c.RepositoryConfigurationDelegate : Finished Spring Data repository scanning in 129 ms. Found 9 JPA repository interfaces.
2026-03-27T11:31:41.060+05:30  INFO 16652 --- [smartride] [           main] o.s.b.w.embedded.tomcat.TomcatWebServer  : Tomcat initialized with port 8080 (http)
2026-03-27T11:31:41.094+05:30  INFO 16652 --- [smartride] [           main] o.apache.catalina.core.StandardService   : Starting service [Tomcat]
2026-03-27T11:31:41.095+05:30  INFO 16652 --- [smartride] [           main] o.apache.catalina.core.StandardEngine    : Starting Servlet engine: [Apache Tomcat/10.1.50]
2026-03-27T11:31:41.172+05:30  INFO 16652 --- [smartride] [           main] o.a.c.c.C.[Tomcat].[localhost].[/]       : Initializing Spring embedded WebApplicationContext
2026-03-27T11:31:41.173+05:30  INFO 16652 --- [smartride] [           main] w.s.c.ServletWebServerApplicationContext : Root WebApplicationContext: initialization completed in 2481 ms
Standard Commons Logging discovery in action with spring-jcl: please remove commons-logging.jar from classpath in order to avoid potential conflicts
2026-03-27T11:31:41.405+05:30  INFO 16652 --- [smartride] [           main] o.hibernate.jpa.internal.util.LogHelper  : HHH000204: Processing PersistenceUnitInfo [name: default]
2026-03-27T11:31:41.462+05:30  INFO 16652 --- [smartride] [           main] org.hibernate.Version                    : HHH000412: Hibernate ORM core version 6.6.41.Final
2026-03-27T11:31:41.504+05:30  INFO 16652 --- [smartride] [           main] o.h.c.internal.RegionFactoryInitiator    : HHH000026: Second-level cache disabled
2026-03-27T11:31:41.908+05:30  INFO 16652 --- [smartride] [           main] o.s.o.j.p.SpringPersistenceUnitInfo      : No LoadTimeWeaver setup: ignoring JPA class transformer
2026-03-27T11:31:41.957+05:30  INFO 16652 --- [smartride] [           main] com.zaxxer.hikari.HikariDataSource       : HikariPool-1 - Starting...
2026-03-27T11:31:42.198+05:30  INFO 16652 --- [smartride] [           main] com.zaxxer.hikari.pool.HikariPool        : HikariPool-1 - Added connection com.mysql.cj.jdbc.ConnectionImpl@504b8705
2026-03-27T11:31:42.200+05:30  INFO 16652 --- [smartride] [           main] com.zaxxer.hikari.HikariDataSource       : HikariPool-1 - Start completed.
2026-03-27T11:31:42.269+05:30  WARN 16652 --- [smartride] [           main] org.hibernate.orm.deprecation            : HHH90000025: MySQLDialect does not need to be specified explicitly using 'hibernate.dialect' (remove the property setting and it will be selected by default)
2026-03-27T11:31:42.288+05:30  INFO 16652 --- [smartride] [           main] org.hibernate.orm.connections.pooling    : HHH10001005: Database info:
	Database JDBC URL [Connecting through datasource 'HikariDataSource (HikariPool-1)']
	Database driver: undefined/unknown
	Database version: 8.0.43
	Autocommit mode: undefined/unknown
	Isolation level: undefined/unknown
	Minimum pool size: undefined/unknown
	Maximum pool size: undefined/unknown
2026-03-27T11:31:43.799+05:30  INFO 16652 --- [smartride] [           main] o.h.e.t.j.p.i.JtaPlatformInitiator       : HHH000489: No JTA platform available (set 'hibernate.transaction.jta.platform' to enable JTA platform integration)
Hibernate: 
    alter table bookings 
       modify column status enum ('CANCELLED','COMPLETED','CONFIRMED','PAID','PAYMENT_FAILED','PENDING_PAYMENT') not null
Hibernate: 
    alter table notifications 
       modify column type enum ('BOOKING_CONFIRMED','DISPUTE_RAISED','DISPUTE_REJECTED','DISPUTE_RESOLVED','DISPUTE_UNDER_REVIEW','DRIVER_BOOKING_CANCELLED','DRIVER_NEW_BOOKING','PASSENGER_BOOKING_CANCELLED','RIDE_CANCELLED','RIDE_REMINDER','RIDE_RESCHEDULED') not null
Hibernate: 
    alter table payments 
       modify column payment_status enum ('FAILED','PENDING','REFUNDED','SUCCESS') not null
Hibernate: 
    alter table rides 
       modify column status enum ('CANCELLED','DRIVER_ASSIGNED','PENDING','RIDE_COMPLETED','RIDE_STARTED') not null
2026-03-27T11:31:44.284+05:30  INFO 16652 --- [smartride] [           main] j.LocalContainerEntityManagerFactoryBean : Initialized JPA EntityManagerFactory for persistence unit 'default'
2026-03-27T11:31:44.735+05:30  INFO 16652 --- [smartride] [           main] o.s.d.j.r.query.QueryEnhancerFactory     : Hibernate is in classpath; If applicable, HQL parser will be used.
2026-03-27T11:31:46.644+05:30  INFO 16652 --- [smartride] [           main] c.s.s.service.SmsNotificationService     : Twilio initialized successfully
2026-03-27T11:31:47.021+05:30  WARN 16652 --- [smartride] [           main] JpaBaseConfiguration$JpaWebConfiguration : spring.jpa.open-in-view is enabled by default. Therefore, database queries may be performed during view rendering. Explicitly configure spring.jpa.open-in-view to disable this warning
2026-03-27T11:31:47.767+05:30  INFO 16652 --- [smartride] [           main] o.s.m.s.b.SimpleBrokerMessageHandler     : Starting...
2026-03-27T11:31:47.768+05:30  INFO 16652 --- [smartride] [           main] o.s.m.s.b.SimpleBrokerMessageHandler     : BrokerAvailabilityEvent[available=true, SimpleBrokerMessageHandler [org.springframework.messaging.simp.broker.DefaultSubscriptionRegistry@52c94e6d]]
2026-03-27T11:31:47.769+05:30  INFO 16652 --- [smartride] [           main] o.s.m.s.b.SimpleBrokerMessageHandler     : Started.
2026-03-27T11:31:47.791+05:30  INFO 16652 --- [smartride] [           main] o.s.b.w.embedded.tomcat.TomcatWebServer  : Tomcat started on port 8080 (http) with context path '/'
2026-03-27T11:31:47.804+05:30  INFO 16652 --- [smartride] [           main] c.s.smartride.SmartrideApplication       : Started SmartrideApplication in 9.776 seconds (process running for 10.274)
Hibernate: 
    select
        r1_0.id,
        r1_0.available_seats,
        r1_0.base_fare,
        r1_0.car_model,
        r1_0.date,
        r1_0.deleted_by_driver,
        r1_0.destination,
        r1_0.distance_km,
        r1_0.driver_id,
        r1_0.drop_lat,
        r1_0.drop_lon,
        r1_0.fare_per_km,
        r1_0.license_plate,
        r1_0.pickup_lat,
        r1_0.pickup_lon,
        r1_0.price,
        r1_0.source,
        r1_0.status,
        r1_0.time,
        r1_0.vehicle_type 
    from
        rides r1_0 
    where
        r1_0.date=? 
        and r1_0.time>=? 
        and r1_0.time<?
? Converted ENUM columns to VARCHAR to avoid truncation errors.
Hibernate: 
    select
        u1_0.id 
    from
        users u1_0 
    where
        u1_0.email=? 
    limit
        ?
Hibernate: 
    select
        u1_0.id,
        u1_0.car_model,
        u1_0.driver_verified_by_admin,
        u1_0.driver_wallet_balance,
        u1_0.email,
        u1_0.is_blocked,
        u1_0.license_plate,
        u1_0.name,
        u1_0.otp,
        u1_0.password,
        u1_0.phone,
        u1_0.rating,
        u1_0.rating_count,
        u1_0.role,
        u1_0.vehicle_capacity,
        u1_0.vehicle_type,
        u1_0.verified 
    from
        users u1_0 
    where
        u1_0.email=?
Hibernate: 
    select
        u1_0.id,
        u1_0.car_model,
        u1_0.driver_verified_by_admin,
        u1_0.driver_wallet_balance,
        u1_0.email,
        u1_0.is_blocked,
        u1_0.license_plate,
        u1_0.name,
        u1_0.otp,
        u1_0.password,
        u1_0.phone,
        u1_0.rating,
        u1_0.rating_count,
        u1_0.role,
        u1_0.vehicle_capacity,
        u1_0.vehicle_type,
        u1_0.verified 
    from
        users u1_0 
    where
        u1_0.id=?
Hibernate: 
    update
        users 
    set
        car_model=?,
        driver_verified_by_admin=?,
        driver_wallet_balance=?,
        email=?,
        is_blocked=?,
        license_plate=?,
        name=?,
        otp=?,
        password=?,
        phone=?,
        rating=?,
        rating_count=?,
        role=?,
        vehicle_capacity=?,
        vehicle_type=?,
        verified=? 
    where
        id=?
?? Admin user already exists. Force reset password to Admin@123.
Starting Data Normalization for Ride source and destination...
Hibernate: 
    select
        r1_0.id,
        r1_0.available_seats,
        r1_0.base_fare,
        r1_0.car_model,
        r1_0.date,
        r1_0.deleted_by_driver,
        r1_0.destination,
        r1_0.distance_km,
        r1_0.driver_id,
        r1_0.drop_lat,
        r1_0.drop_lon,
        r1_0.fare_per_km,
        r1_0.license_plate,
        r1_0.pickup_lat,
        r1_0.pickup_lon,
        r1_0.price,
        r1_0.source,
        r1_0.status,
        r1_0.time,
        r1_0.vehicle_type 
    from
        rides r1_0
Starting Data Normalization for DriverStatus currentCity...
Hibernate: 
    select
        ds1_0.id,
        ds1_0.current_city,
        ds1_0.driver_id,
        ds1_0.is_available,
        ds1_0.last_updated 
    from
        driver_status ds1_0
Data Normalization completed.
2026-03-27T11:32:47.788+05:30  INFO 16652 --- [smartride] [MessageBroker-2] o.s.w.s.c.WebSocketMessageBrokerStats    : WebSocketSession[0 current WS(0)-HttpStream(0)-HttpPoll(0), 0 total, 0 closed abnormally (0 connect failure, 0 send limit, 0 transport error)], stompSubProtocol[processed CONNECT(0)-CONNECTED(0)-DISCONNECT(0)], stompBrokerRelay[null], inboundChannel[pool size = 0, active threads = 0, queued tasks = 0, completed tasks = 0], outboundChannel[pool size = 0, active threads = 0, queued tasks = 0, completed tasks = 0], sockJsScheduler[pool size = 3, active threads = 1, queued tasks = 1, completed tasks = 1]
2026-03-27T11:44:04.975+05:30  INFO 16652 --- [smartride] [nio-8080-exec-1] o.a.c.c.C.[Tomcat].[localhost].[/]       : Initializing Spring DispatcherServlet 'dispatcherServlet'
2026-03-27T11:44:04.975+05:30  INFO 16652 --- [smartride] [nio-8080-exec-1] o.s.web.servlet.DispatcherServlet        : Initializing Servlet 'dispatcherServlet'
2026-03-27T11:44:04.978+05:30  INFO 16652 --- [smartride] [nio-8080-exec-1] o.s.web.servlet.DispatcherServlet        : Completed initialization in 2 ms
Hibernate: 
    select
        u1_0.id,
        u1_0.car_model,
        u1_0.driver_verified_by_admin,
        u1_0.driver_wallet_balance,
        u1_0.email,
        u1_0.is_blocked,
        u1_0.license_plate,
        u1_0.name,
        u1_0.otp,
        u1_0.password,
        u1_0.phone,
        u1_0.rating,
        u1_0.rating_count,
        u1_0.role,
        u1_0.vehicle_capacity,
        u1_0.vehicle_type,
        u1_0.verified 
    from
        users u1_0 
    where
        u1_0.email=?
Hibernate: 
    select
        d1_0.id,
        d1_0.admin_note,
        d1_0.booking_id,
        d1_0.created_at,
        d1_0.description,
        d1_0.raised_against_id,
        d1_0.raised_by_id,
        d1_0.resolved_at,
        d1_0.resolved_by_id,
        d1_0.status,
        d1_0.type 
    from
        disputes d1_0 
    where
        d1_0.status=? 
    order by
        d1_0.created_at desc
Hibernate: 
    select
        count(*) 
    from
        users u1_0
Hibernate: 
    select
        month(r1_0.date),
        year(r1_0.date),
        count(r1_0.id) 
    from
        rides r1_0 
    where
        r1_0.date>=cast(? as date) 
    group by
        year(r1_0.date),
        month(r1_0.date) 
    order by
        year(r1_0.date),
        month(r1_0.date)
Hibernate: 
    select
        month(t1_0.created_at),
        year(t1_0.created_at),
        sum(t1_0.amount) 
    from
        transactions t1_0 
    where
        t1_0.status='COMPLETED' 
        and t1_0.created_at>=? 
    group by
        year(t1_0.created_at),
        month(t1_0.created_at) 
    order by
        year(t1_0.created_at),
        month(t1_0.created_at)
Hibernate: 
    select
        u1_0.id,
        u1_0.car_model,
        u1_0.driver_verified_by_admin,
        u1_0.driver_wallet_balance,
        u1_0.email,
        u1_0.is_blocked,
        u1_0.license_plate,
        u1_0.name,
        u1_0.otp,
        u1_0.password,
        u1_0.phone,
        u1_0.rating,
        u1_0.rating_count,
        u1_0.role,
        u1_0.vehicle_capacity,
        u1_0.vehicle_type,
        u1_0.verified 
    from
        users u1_0 
    where
        u1_0.id=?
Hibernate: 
    select
        u1_0.id,
        u1_0.car_model,
        u1_0.driver_verified_by_admin,
        u1_0.driver_wallet_balance,
        u1_0.email,
        u1_0.is_blocked,
        u1_0.license_plate,
        u1_0.name,
        u1_0.otp,
        u1_0.password,
        u1_0.phone,
        u1_0.rating,
        u1_0.rating_count,
        u1_0.role,
        u1_0.vehicle_capacity,
        u1_0.vehicle_type,
        u1_0.verified 
    from
        users u1_0 
    where
        u1_0.id=?
Hibernate: 
    select
        count(u1_0.id) 
    from
        users u1_0 
    where
        cast(u1_0.role as char)=?
Hibernate: 
    select
        count(u1_0.id) 
    from
        users u1_0 
    where
        cast(u1_0.role as char)=?
Hibernate: 
    select
        count(*) 
    from
        rides r1_0
Hibernate: 
    select
        count(*) 
    from
        bookings b1_0
Hibernate: 
    select
        d1_0.id,
        d1_0.admin_note,
        d1_0.booking_id,
        d1_0.created_at,
        d1_0.description,
        d1_0.raised_against_id,
        d1_0.raised_by_id,
        d1_0.resolved_at,
        d1_0.resolved_by_id,
        d1_0.status,
        d1_0.type 
    from
        disputes d1_0 
    where
        d1_0.status=? 
    order by
        d1_0.created_at desc
Hibernate: 
    select
        u1_0.id,
        u1_0.car_model,
        u1_0.driver_verified_by_admin,
        u1_0.driver_wallet_balance,
        u1_0.email,
        u1_0.is_blocked,
        u1_0.license_plate,
        u1_0.name,
        u1_0.otp,
        u1_0.password,
        u1_0.phone,
        u1_0.rating,
        u1_0.rating_count,
        u1_0.role,
        u1_0.vehicle_capacity,
        u1_0.vehicle_type,
        u1_0.verified 
    from
        users u1_0 
    where
        u1_0.id=?
Hibernate: 
    select
        u1_0.id,
        u1_0.car_model,
        u1_0.driver_verified_by_admin,
        u1_0.driver_wallet_balance,
        u1_0.email,
        u1_0.is_blocked,
        u1_0.license_plate,
        u1_0.name,
        u1_0.otp,
        u1_0.password,
        u1_0.phone,
        u1_0.rating,
        u1_0.rating_count,
        u1_0.role,
        u1_0.vehicle_capacity,
        u1_0.vehicle_type,
        u1_0.verified 
    from
        users u1_0 
    where
        u1_0.id=?
Hibernate: 
    select
        count(r1_0.id) 
    from
        rides r1_0 
    where
        (
            ?='ACTIVE' 
            and r1_0.status in ('PENDING', 'DRIVER_ASSIGNED', 'RIDE_STARTED')
        ) 
        or (
            ?<>'ACTIVE' 
            and cast(r1_0.status as char)=?
        )
Hibernate: 
    select
        count(r1_0.id) 
    from
        rides r1_0 
    where
        (
            ?='ACTIVE' 
            and r1_0.status in ('PENDING', 'DRIVER_ASSIGNED', 'RIDE_STARTED')
        ) 
        or (
            ?<>'ACTIVE' 
            and cast(r1_0.status as char)=?
        )
Hibernate: 
    select
        count(r1_0.id) 
    from
        rides r1_0 
    where
        (
            ?='ACTIVE' 
            and r1_0.status in ('PENDING', 'DRIVER_ASSIGNED', 'RIDE_STARTED')
        ) 
        or (
            ?<>'ACTIVE' 
            and cast(r1_0.status as char)=?
        )
Hibernate: 
    select
        count(*) 
    from
        reviews r1_0
Hibernate: 
    select
        month(r1_0.date),
        year(r1_0.date),
        count(r1_0.id) 
    from
        rides r1_0 
    where
        r1_0.date>=cast(? as date) 
    group by
        year(r1_0.date),
        month(r1_0.date) 
    order by
        year(r1_0.date),
        month(r1_0.date)
Hibernate: 
    select
        month(t1_0.created_at),
        year(t1_0.created_at),
        sum(t1_0.amount) 
    from
        transactions t1_0 
    where
        t1_0.status='COMPLETED' 
        and t1_0.created_at>=? 
    group by
        year(t1_0.created_at),
        month(t1_0.created_at) 
    order by
        year(t1_0.created_at),
        month(t1_0.created_at)
Hibernate: 
    select
        coalesce(sum(t1_0.amount), 0) 
    from
        transactions t1_0 
    where
        t1_0.status='COMPLETED'
Hibernate: 
    select
        coalesce(sum(t1_0.amount), 0) 
    from
        transactions t1_0 
    where
        t1_0.status=?
Hibernate: 
    select
        count(*) 
    from
        users u1_0
Hibernate: 
    select
        count(u1_0.id) 
    from
        users u1_0 
    where
        cast(u1_0.role as char)=?
Hibernate: 
    select
        count(u1_0.id) 
    from
        users u1_0 
    where
        cast(u1_0.role as char)=?
Hibernate: 
    select
        count(*) 
    from
        rides r1_0
Hibernate: 
    select
        count(*) 
    from
        bookings b1_0
Hibernate: 
    select
        count(r1_0.id) 
    from
        rides r1_0 
    where
        (
            ?='ACTIVE' 
            and r1_0.status in ('PENDING', 'DRIVER_ASSIGNED', 'RIDE_STARTED')
        ) 
        or (
            ?<>'ACTIVE' 
            and cast(r1_0.status as char)=?
        )
Hibernate: 
    select
        count(r1_0.id) 
    from
        rides r1_0 
    where
        (
            ?='ACTIVE' 
            and r1_0.status in ('PENDING', 'DRIVER_ASSIGNED', 'RIDE_STARTED')
        ) 
        or (
            ?<>'ACTIVE' 
            and cast(r1_0.status as char)=?
        )
Hibernate: 
    select
        count(r1_0.id) 
    from
        rides r1_0 
    where
        (
            ?='ACTIVE' 
            and r1_0.status in ('PENDING', 'DRIVER_ASSIGNED', 'RIDE_STARTED')
        ) 
        or (
            ?<>'ACTIVE' 
            and cast(r1_0.status as char)=?
        )
Hibernate: 
    select
        count(*) 
    from
        reviews r1_0
Hibernate: 
    select
        coalesce(sum(t1_0.amount), 0) 
    from
        transactions t1_0 
    where
        t1_0.status='COMPLETED'
Hibernate: 
    select
        coalesce(sum(t1_0.amount), 0) 
    from
        transactions t1_0 
    where
        t1_0.status=?
Hibernate: 
    select
        u1_0.id,
        u1_0.car_model,
        u1_0.driver_verified_by_admin,
        u1_0.driver_wallet_balance,
        u1_0.email,
        u1_0.is_blocked,
        u1_0.license_plate,
        u1_0.name,
        u1_0.otp,
        u1_0.password,
        u1_0.phone,
        u1_0.rating,
        u1_0.rating_count,
        u1_0.role,
        u1_0.vehicle_capacity,
        u1_0.vehicle_type,
        u1_0.verified 
    from
        users u1_0
Hibernate: 
    select
        u1_0.id,
        u1_0.car_model,
        u1_0.driver_verified_by_admin,
        u1_0.driver_wallet_balance,
        u1_0.email,
        u1_0.is_blocked,
        u1_0.license_plate,
        u1_0.name,
        u1_0.otp,
        u1_0.password,
        u1_0.phone,
        u1_0.rating,
        u1_0.rating_count,
        u1_0.role,
        u1_0.vehicle_capacity,
        u1_0.vehicle_type,
        u1_0.verified 
    from
        users u1_0
Hibernate: 
    select
        r1_0.id,
        r1_0.available_seats,
        r1_0.base_fare,
        r1_0.car_model,
        r1_0.date,
        r1_0.deleted_by_driver,
        r1_0.destination,
        r1_0.distance_km,
        r1_0.driver_id,
        r1_0.drop_lat,
        r1_0.drop_lon,
        r1_0.fare_per_km,
        r1_0.license_plate,
        r1_0.pickup_lat,
        r1_0.pickup_lon,
        r1_0.price,
        r1_0.source,
        r1_0.status,
        r1_0.time,
        r1_0.vehicle_type 
    from
        rides r1_0
Hibernate: 
    select
        u1_0.id,
        u1_0.car_model,
        u1_0.driver_verified_by_admin,
        u1_0.driver_wallet_balance,
        u1_0.email,
        u1_0.is_blocked,
        u1_0.license_plate,
        u1_0.name,
        u1_0.otp,
        u1_0.password,
        u1_0.phone,
        u1_0.rating,
        u1_0.rating_count,
        u1_0.role,
        u1_0.vehicle_capacity,
        u1_0.vehicle_type,
        u1_0.verified 
    from
        users u1_0 
    where
        u1_0.id=?
Hibernate: 
    select
        b1_0.ride_id,
        b1_0.id,
        b1_0.booking_time,
        b1_0.deleted_by_passenger,
        b1_0.estimated_distance_km,
        b1_0.estimated_fare_per_seat,
        b1_0.fare,
        b1_0.passenger_id,
        b1_0.payment_status,
        b1_0.rated,
        b1_0.razorpay_order_id,
        b1_0.razorpay_payment_id,
        b1_0.seat_count,
        b1_0.status,
        b1_0.total_fare 
    from
        bookings b1_0 
    where
        b1_0.ride_id=?
Hibernate: 
    select
        b1_0.ride_id,
        b1_0.id,
        b1_0.booking_time,
        b1_0.deleted_by_passenger,
        b1_0.estimated_distance_km,
        b1_0.estimated_fare_per_seat,
        b1_0.fare,
        b1_0.passenger_id,
        b1_0.payment_status,
        b1_0.rated,
        b1_0.razorpay_order_id,
        b1_0.razorpay_payment_id,
        b1_0.seat_count,
        b1_0.status,
        b1_0.total_fare 
    from
        bookings b1_0 
    where
        b1_0.ride_id=?
Hibernate: 
    select
        b1_0.ride_id,
        b1_0.id,
        b1_0.booking_time,
        b1_0.deleted_by_passenger,
        b1_0.estimated_distance_km,
        b1_0.estimated_fare_per_seat,
        b1_0.fare,
        b1_0.passenger_id,
        b1_0.payment_status,
        b1_0.rated,
        b1_0.razorpay_order_id,
        b1_0.razorpay_payment_id,
        b1_0.seat_count,
        b1_0.status,
        b1_0.total_fare 
    from
        bookings b1_0 
    where
        b1_0.ride_id=?
Hibernate: 
    select
        b1_0.ride_id,
        b1_0.id,
        b1_0.booking_time,
        b1_0.deleted_by_passenger,
        b1_0.estimated_distance_km,
        b1_0.estimated_fare_per_seat,
        b1_0.fare,
        b1_0.passenger_id,
        b1_0.payment_status,
        b1_0.rated,
        b1_0.razorpay_order_id,
        b1_0.razorpay_payment_id,
        b1_0.seat_count,
        b1_0.status,
        b1_0.total_fare 
    from
        bookings b1_0 
    where
        b1_0.ride_id=?
Hibernate: 
    select
        b1_0.ride_id,
        b1_0.id,
        b1_0.booking_time,
        b1_0.deleted_by_passenger,
        b1_0.estimated_distance_km,
        b1_0.estimated_fare_per_seat,
        b1_0.fare,
        b1_0.passenger_id,
        b1_0.payment_status,
        b1_0.rated,
        b1_0.razorpay_order_id,
        b1_0.razorpay_payment_id,
        b1_0.seat_count,
        b1_0.status,
        b1_0.total_fare 
    from
        bookings b1_0 
    where
        b1_0.ride_id=?
Hibernate: 
    select
        b1_0.ride_id,
        b1_0.id,
        b1_0.booking_time,
        b1_0.deleted_by_passenger,
        b1_0.estimated_distance_km,
        b1_0.estimated_fare_per_seat,
        b1_0.fare,
        b1_0.passenger_id,
        b1_0.payment_status,
        b1_0.rated,
        b1_0.razorpay_order_id,
        b1_0.razorpay_payment_id,
        b1_0.seat_count,
        b1_0.status,
        b1_0.total_fare 
    from
        bookings b1_0 
    where
        b1_0.ride_id=?
Hibernate: 
    select
        u1_0.id,
        u1_0.car_model,
        u1_0.driver_verified_by_admin,
        u1_0.driver_wallet_balance,
        u1_0.email,
        u1_0.is_blocked,
        u1_0.license_plate,
        u1_0.name,
        u1_0.otp,
        u1_0.password,
        u1_0.phone,
        u1_0.rating,
        u1_0.rating_count,
        u1_0.role,
        u1_0.vehicle_capacity,
        u1_0.vehicle_type,
        u1_0.verified 
    from
        users u1_0 
    where
        u1_0.id=?
Hibernate: 
    select
        b1_0.ride_id,
        b1_0.id,
        b1_0.booking_time,
        b1_0.deleted_by_passenger,
        b1_0.estimated_distance_km,
        b1_0.estimated_fare_per_seat,
        b1_0.fare,
        b1_0.passenger_id,
        b1_0.payment_status,
        b1_0.rated,
        b1_0.razorpay_order_id,
        b1_0.razorpay_payment_id,
        b1_0.seat_count,
        b1_0.status,
        b1_0.total_fare 
    from
        bookings b1_0 
    where
        b1_0.ride_id=?
Hibernate: 
    select
        b1_0.ride_id,
        b1_0.id,
        b1_0.booking_time,
        b1_0.deleted_by_passenger,
        b1_0.estimated_distance_km,
        b1_0.estimated_fare_per_seat,
        b1_0.fare,
        b1_0.passenger_id,
        b1_0.payment_status,
        b1_0.rated,
        b1_0.razorpay_order_id,
        b1_0.razorpay_payment_id,
        b1_0.seat_count,
        b1_0.status,
        b1_0.total_fare 
    from
        bookings b1_0 
    where
        b1_0.ride_id=?
Hibernate: 
    select
        b1_0.ride_id,
        b1_0.id,
        b1_0.booking_time,
        b1_0.deleted_by_passenger,
        b1_0.estimated_distance_km,
        b1_0.estimated_fare_per_seat,
        b1_0.fare,
        b1_0.passenger_id,
        b1_0.payment_status,
        b1_0.rated,
        b1_0.razorpay_order_id,
        b1_0.razorpay_payment_id,
        b1_0.seat_count,
        b1_0.status,
        b1_0.total_fare 
    from
        bookings b1_0 
    where
        b1_0.ride_id=?
Hibernate: 
    select
        b1_0.ride_id,
        b1_0.id,
        b1_0.booking_time,
        b1_0.deleted_by_passenger,
        b1_0.estimated_distance_km,
        b1_0.estimated_fare_per_seat,
        b1_0.fare,
        b1_0.passenger_id,
        b1_0.payment_status,
        b1_0.rated,
        b1_0.razorpay_order_id,
        b1_0.razorpay_payment_id,
        b1_0.seat_count,
        b1_0.status,
        b1_0.total_fare 
    from
        bookings b1_0 
    where
        b1_0.ride_id=?
Hibernate: 
    select
        r1_0.id,
        r1_0.available_seats,
        r1_0.base_fare,
        r1_0.car_model,
        r1_0.date,
        r1_0.deleted_by_driver,
        r1_0.destination,
        r1_0.distance_km,
        r1_0.driver_id,
        r1_0.drop_lat,
        r1_0.drop_lon,
        r1_0.fare_per_km,
        r1_0.license_plate,
        r1_0.pickup_lat,
        r1_0.pickup_lon,
        r1_0.price,
        r1_0.source,
        r1_0.status,
        r1_0.time,
        r1_0.vehicle_type 
    from
        rides r1_0
Hibernate: 
    select
        u1_0.id,
        u1_0.car_model,
        u1_0.driver_verified_by_admin,
        u1_0.driver_wallet_balance,
        u1_0.email,
        u1_0.is_blocked,
        u1_0.license_plate,
        u1_0.name,
        u1_0.otp,
        u1_0.password,
        u1_0.phone,
        u1_0.rating,
        u1_0.rating_count,
        u1_0.role,
        u1_0.vehicle_capacity,
        u1_0.vehicle_type,
        u1_0.verified 
    from
        users u1_0 
    where
        u1_0.id=?
Hibernate: 
    select
        b1_0.ride_id,
        b1_0.id,
        b1_0.booking_time,
        b1_0.deleted_by_passenger,
        b1_0.estimated_distance_km,
        b1_0.estimated_fare_per_seat,
        b1_0.fare,
        b1_0.passenger_id,
        b1_0.payment_status,
        b1_0.rated,
        b1_0.razorpay_order_id,
        b1_0.razorpay_payment_id,
        b1_0.seat_count,
        b1_0.status,
        b1_0.total_fare 
    from
        bookings b1_0 
    where
        b1_0.ride_id=?
Hibernate: 
    select
        b1_0.ride_id,
        b1_0.id,
        b1_0.booking_time,
        b1_0.deleted_by_passenger,
        b1_0.estimated_distance_km,
        b1_0.estimated_fare_per_seat,
        b1_0.fare,
        b1_0.passenger_id,
        b1_0.payment_status,
        b1_0.rated,
        b1_0.razorpay_order_id,
        b1_0.razorpay_payment_id,
        b1_0.seat_count,
        b1_0.status,
        b1_0.total_fare 
    from
        bookings b1_0 
    where
        b1_0.ride_id=?
Hibernate: 
    select
        b1_0.ride_id,
        b1_0.id,
        b1_0.booking_time,
        b1_0.deleted_by_passenger,
        b1_0.estimated_distance_km,
        b1_0.estimated_fare_per_seat,
        b1_0.fare,
        b1_0.passenger_id,
        b1_0.payment_status,
        b1_0.rated,
        b1_0.razorpay_order_id,
        b1_0.razorpay_payment_id,
        b1_0.seat_count,
        b1_0.status,
        b1_0.total_fare 
    from
        bookings b1_0 
    where
        b1_0.ride_id=?
Hibernate: 
    select
        b1_0.ride_id,
        b1_0.id,
        b1_0.booking_time,
        b1_0.deleted_by_passenger,
        b1_0.estimated_distance_km,
        b1_0.estimated_fare_per_seat,
        b1_0.fare,
        b1_0.passenger_id,
        b1_0.payment_status,
        b1_0.rated,
        b1_0.razorpay_order_id,
        b1_0.razorpay_payment_id,
        b1_0.seat_count,
        b1_0.status,
        b1_0.total_fare 
    from
        bookings b1_0 
    where
        b1_0.ride_id=?
Hibernate: 
    select
        b1_0.ride_id,
        b1_0.id,
        b1_0.booking_time,
        b1_0.deleted_by_passenger,
        b1_0.estimated_distance_km,
        b1_0.estimated_fare_per_seat,
        b1_0.fare,
        b1_0.passenger_id,
        b1_0.payment_status,
        b1_0.rated,
        b1_0.razorpay_order_id,
        b1_0.razorpay_payment_id,
        b1_0.seat_count,
        b1_0.status,
        b1_0.total_fare 
    from
        bookings b1_0 
    where
        b1_0.ride_id=?
Hibernate: 
    select
        b1_0.ride_id,
        b1_0.id,
        b1_0.booking_time,
        b1_0.deleted_by_passenger,
        b1_0.estimated_distance_km,
        b1_0.estimated_fare_per_seat,
        b1_0.fare,
        b1_0.passenger_id,
        b1_0.payment_status,
        b1_0.rated,
        b1_0.razorpay_order_id,
        b1_0.razorpay_payment_id,
        b1_0.seat_count,
        b1_0.status,
        b1_0.total_fare 
    from
        bookings b1_0 
    where
        b1_0.ride_id=?
Hibernate: 
    select
        u1_0.id,
        u1_0.car_model,
        u1_0.driver_verified_by_admin,
        u1_0.driver_wallet_balance,
        u1_0.email,
        u1_0.is_blocked,
        u1_0.license_plate,
        u1_0.name,
        u1_0.otp,
        u1_0.password,
        u1_0.phone,
        u1_0.rating,
        u1_0.rating_count,
        u1_0.role,
        u1_0.vehicle_capacity,
        u1_0.vehicle_type,
        u1_0.verified 
    from
        users u1_0 
    where
        u1_0.id=?
Hibernate: 
    select
        b1_0.ride_id,
        b1_0.id,
        b1_0.booking_time,
        b1_0.deleted_by_passenger,
        b1_0.estimated_distance_km,
        b1_0.estimated_fare_per_seat,
        b1_0.fare,
        b1_0.passenger_id,
        b1_0.payment_status,
        b1_0.rated,
        b1_0.razorpay_order_id,
        b1_0.razorpay_payment_id,
        b1_0.seat_count,
        b1_0.status,
        b1_0.total_fare 
    from
        bookings b1_0 
    where
        b1_0.ride_id=?
Hibernate: 
    select
        b1_0.ride_id,
        b1_0.id,
        b1_0.booking_time,
        b1_0.deleted_by_passenger,
        b1_0.estimated_distance_km,
        b1_0.estimated_fare_per_seat,
        b1_0.fare,
        b1_0.passenger_id,
        b1_0.payment_status,
        b1_0.rated,
        b1_0.razorpay_order_id,
        b1_0.razorpay_payment_id,
        b1_0.seat_count,
        b1_0.status,
        b1_0.total_fare 
    from
        bookings b1_0 
    where
        b1_0.ride_id=?
Hibernate: 
    select
        b1_0.ride_id,
        b1_0.id,
        b1_0.booking_time,
        b1_0.deleted_by_passenger,
        b1_0.estimated_distance_km,
        b1_0.estimated_fare_per_seat,
        b1_0.fare,
        b1_0.passenger_id,
        b1_0.payment_status,
        b1_0.rated,
        b1_0.razorpay_order_id,
        b1_0.razorpay_payment_id,
        b1_0.seat_count,
        b1_0.status,
        b1_0.total_fare 
    from
        bookings b1_0 
    where
        b1_0.ride_id=?
Hibernate: 
    select
        b1_0.ride_id,
        b1_0.id,
        b1_0.booking_time,
        b1_0.deleted_by_passenger,
        b1_0.estimated_distance_km,
        b1_0.estimated_fare_per_seat,
        b1_0.fare,
        b1_0.passenger_id,
        b1_0.payment_status,
        b1_0.rated,
        b1_0.razorpay_order_id,
        b1_0.razorpay_payment_id,
        b1_0.seat_count,
        b1_0.status,
        b1_0.total_fare 
    from
        bookings b1_0 
    where
        b1_0.ride_id=?
Hibernate: 
    select
        b1_0.id,
        b1_0.booking_time,
        b1_0.deleted_by_passenger,
        b1_0.estimated_distance_km,
        b1_0.estimated_fare_per_seat,
        b1_0.fare,
        b1_0.passenger_id,
        b1_0.payment_status,
        b1_0.rated,
        b1_0.razorpay_order_id,
        b1_0.razorpay_payment_id,
        b1_0.ride_id,
        b1_0.seat_count,
        b1_0.status,
        b1_0.total_fare 
    from
        bookings b1_0
Hibernate: 
    select
        u1_0.id,
        u1_0.car_model,
        u1_0.driver_verified_by_admin,
        u1_0.driver_wallet_balance,
        u1_0.email,
        u1_0.is_blocked,
        u1_0.license_plate,
        u1_0.name,
        u1_0.otp,
        u1_0.password,
        u1_0.phone,
        u1_0.rating,
        u1_0.rating_count,
        u1_0.role,
        u1_0.vehicle_capacity,
        u1_0.vehicle_type,
        u1_0.verified 
    from
        users u1_0 
    where
        u1_0.id=?
Hibernate: 
    select
        r1_0.id,
        r1_0.available_seats,
        r1_0.base_fare,
        r1_0.car_model,
        r1_0.date,
        r1_0.deleted_by_driver,
        r1_0.destination,
        r1_0.distance_km,
        r1_0.driver_id,
        r1_0.drop_lat,
        r1_0.drop_lon,
        r1_0.fare_per_km,
        r1_0.license_plate,
        r1_0.pickup_lat,
        r1_0.pickup_lon,
        r1_0.price,
        r1_0.source,
        r1_0.status,
        r1_0.time,
        r1_0.vehicle_type 
    from
        rides r1_0 
    where
        r1_0.id=?
Hibernate: 
    select
        u1_0.id,
        u1_0.car_model,
        u1_0.driver_verified_by_admin,
        u1_0.driver_wallet_balance,
        u1_0.email,
        u1_0.is_blocked,
        u1_0.license_plate,
        u1_0.name,
        u1_0.otp,
        u1_0.password,
        u1_0.phone,
        u1_0.rating,
        u1_0.rating_count,
        u1_0.role,
        u1_0.vehicle_capacity,
        u1_0.vehicle_type,
        u1_0.verified 
    from
        users u1_0 
    where
        u1_0.id=?
Hibernate: 
    select
        r1_0.id,
        r1_0.available_seats,
        r1_0.base_fare,
        r1_0.car_model,
        r1_0.date,
        r1_0.deleted_by_driver,
        r1_0.destination,
        r1_0.distance_km,
        r1_0.driver_id,
        r1_0.drop_lat,
        r1_0.drop_lon,
        r1_0.fare_per_km,
        r1_0.license_plate,
        r1_0.pickup_lat,
        r1_0.pickup_lon,
        r1_0.price,
        r1_0.source,
        r1_0.status,
        r1_0.time,
        r1_0.vehicle_type 
    from
        rides r1_0 
    where
        r1_0.id=?
Hibernate: 
    select
        r1_0.id,
        r1_0.available_seats,
        r1_0.base_fare,
        r1_0.car_model,
        r1_0.date,
        r1_0.deleted_by_driver,
        r1_0.destination,
        r1_0.distance_km,
        r1_0.driver_id,
        r1_0.drop_lat,
        r1_0.drop_lon,
        r1_0.fare_per_km,
        r1_0.license_plate,
        r1_0.pickup_lat,
        r1_0.pickup_lon,
        r1_0.price,
        r1_0.source,
        r1_0.status,
        r1_0.time,
        r1_0.vehicle_type 
    from
        rides r1_0 
    where
        r1_0.id=?
Hibernate: 
    select
        u1_0.id,
        u1_0.car_model,
        u1_0.driver_verified_by_admin,
        u1_0.driver_wallet_balance,
        u1_0.email,
        u1_0.is_blocked,
        u1_0.license_plate,
        u1_0.name,
        u1_0.otp,
        u1_0.password,
        u1_0.phone,
        u1_0.rating,
        u1_0.rating_count,
        u1_0.role,
        u1_0.vehicle_capacity,
        u1_0.vehicle_type,
        u1_0.verified 
    from
        users u1_0 
    where
        u1_0.id=?
Hibernate: 
    select
        r1_0.id,
        r1_0.available_seats,
        r1_0.base_fare,
        r1_0.car_model,
        r1_0.date,
        r1_0.deleted_by_driver,
        r1_0.destination,
        r1_0.distance_km,
        r1_0.driver_id,
        r1_0.drop_lat,
        r1_0.drop_lon,
        r1_0.fare_per_km,
        r1_0.license_plate,
        r1_0.pickup_lat,
        r1_0.pickup_lon,
        r1_0.price,
        r1_0.source,
        r1_0.status,
        r1_0.time,
        r1_0.vehicle_type 
    from
        rides r1_0 
    where
        r1_0.id=?
Hibernate: 
    select
        r1_0.id,
        r1_0.available_seats,
        r1_0.base_fare,
        r1_0.car_model,
        r1_0.date,
        r1_0.deleted_by_driver,
        r1_0.destination,
        r1_0.distance_km,
        r1_0.driver_id,
        r1_0.drop_lat,
        r1_0.drop_lon,
        r1_0.fare_per_km,
        r1_0.license_plate,
        r1_0.pickup_lat,
        r1_0.pickup_lon,
        r1_0.price,
        r1_0.source,
        r1_0.status,
        r1_0.time,
        r1_0.vehicle_type 
    from
        rides r1_0 
    where
        r1_0.id=?
Hibernate: 
    select
        u1_0.id,
        u1_0.car_model,
        u1_0.driver_verified_by_admin,
        u1_0.driver_wallet_balance,
        u1_0.email,
        u1_0.is_blocked,
        u1_0.license_plate,
        u1_0.name,
        u1_0.otp,
        u1_0.password,
        u1_0.phone,
        u1_0.rating,
        u1_0.rating_count,
        u1_0.role,
        u1_0.vehicle_capacity,
        u1_0.vehicle_type,
        u1_0.verified 
    from
        users u1_0 
    where
        u1_0.id=?
Hibernate: 
    select
        b1_0.id,
        b1_0.booking_time,
        b1_0.deleted_by_passenger,
        b1_0.estimated_distance_km,
        b1_0.estimated_fare_per_seat,
        b1_0.fare,
        b1_0.passenger_id,
        b1_0.payment_status,
        b1_0.rated,
        b1_0.razorpay_order_id,
        b1_0.razorpay_payment_id,
        b1_0.ride_id,
        b1_0.seat_count,
        b1_0.status,
        b1_0.total_fare 
    from
        bookings b1_0
Hibernate: 
    select
        u1_0.id,
        u1_0.car_model,
        u1_0.driver_verified_by_admin,
        u1_0.driver_wallet_balance,
        u1_0.email,
        u1_0.is_blocked,
        u1_0.license_plate,
        u1_0.name,
        u1_0.otp,
        u1_0.password,
        u1_0.phone,
        u1_0.rating,
        u1_0.rating_count,
        u1_0.role,
        u1_0.vehicle_capacity,
        u1_0.vehicle_type,
        u1_0.verified 
    from
        users u1_0 
    where
        u1_0.id=?
Hibernate: 
    select
        r1_0.id,
        r1_0.available_seats,
        r1_0.base_fare,
        r1_0.car_model,
        r1_0.date,
        r1_0.deleted_by_driver,
        r1_0.destination,
        r1_0.distance_km,
        r1_0.driver_id,
        r1_0.drop_lat,
        r1_0.drop_lon,
        r1_0.fare_per_km,
        r1_0.license_plate,
        r1_0.pickup_lat,
        r1_0.pickup_lon,
        r1_0.price,
        r1_0.source,
        r1_0.status,
        r1_0.time,
        r1_0.vehicle_type 
    from
        rides r1_0 
    where
        r1_0.id=?
Hibernate: 
    select
        u1_0.id,
        u1_0.car_model,
        u1_0.driver_verified_by_admin,
        u1_0.driver_wallet_balance,
        u1_0.email,
        u1_0.is_blocked,
        u1_0.license_plate,
        u1_0.name,
        u1_0.otp,
        u1_0.password,
        u1_0.phone,
        u1_0.rating,
        u1_0.rating_count,
        u1_0.role,
        u1_0.vehicle_capacity,
        u1_0.vehicle_type,
        u1_0.verified 
    from
        users u1_0 
    where
        u1_0.id=?
Hibernate: 
    select
        r1_0.id,
        r1_0.available_seats,
        r1_0.base_fare,
        r1_0.car_model,
        r1_0.date,
        r1_0.deleted_by_driver,
        r1_0.destination,
        r1_0.distance_km,
        r1_0.driver_id,
        r1_0.drop_lat,
        r1_0.drop_lon,
        r1_0.fare_per_km,
        r1_0.license_plate,
        r1_0.pickup_lat,
        r1_0.pickup_lon,
        r1_0.price,
        r1_0.source,
        r1_0.status,
        r1_0.time,
        r1_0.vehicle_type 
    from
        rides r1_0 
    where
        r1_0.id=?
Hibernate: 
    select
        r1_0.id,
        r1_0.available_seats,
        r1_0.base_fare,
        r1_0.car_model,
        r1_0.date,
        r1_0.deleted_by_driver,
        r1_0.destination,
        r1_0.distance_km,
        r1_0.driver_id,
        r1_0.drop_lat,
        r1_0.drop_lon,
        r1_0.fare_per_km,
        r1_0.license_plate,
        r1_0.pickup_lat,
        r1_0.pickup_lon,
        r1_0.price,
        r1_0.source,
        r1_0.status,
        r1_0.time,
        r1_0.vehicle_type 
    from
        rides r1_0 
    where
        r1_0.id=?
Hibernate: 
    select
        u1_0.id,
        u1_0.car_model,
        u1_0.driver_verified_by_admin,
        u1_0.driver_wallet_balance,
        u1_0.email,
        u1_0.is_blocked,
        u1_0.license_plate,
        u1_0.name,
        u1_0.otp,
        u1_0.password,
        u1_0.phone,
        u1_0.rating,
        u1_0.rating_count,
        u1_0.role,
        u1_0.vehicle_capacity,
        u1_0.vehicle_type,
        u1_0.verified 
    from
        users u1_0 
    where
        u1_0.id=?
Hibernate: 
    select
        r1_0.id,
        r1_0.available_seats,
        r1_0.base_fare,
        r1_0.car_model,
        r1_0.date,
        r1_0.deleted_by_driver,
        r1_0.destination,
        r1_0.distance_km,
        r1_0.driver_id,
        r1_0.drop_lat,
        r1_0.drop_lon,
        r1_0.fare_per_km,
        r1_0.license_plate,
        r1_0.pickup_lat,
        r1_0.pickup_lon,
        r1_0.price,
        r1_0.source,
        r1_0.status,
        r1_0.time,
        r1_0.vehicle_type 
    from
        rides r1_0 
    where
        r1_0.id=?
Hibernate: 
    select
        r1_0.id,
        r1_0.available_seats,
        r1_0.base_fare,
        r1_0.car_model,
        r1_0.date,
        r1_0.deleted_by_driver,
        r1_0.destination,
        r1_0.distance_km,
        r1_0.driver_id,
        r1_0.drop_lat,
        r1_0.drop_lon,
        r1_0.fare_per_km,
        r1_0.license_plate,
        r1_0.pickup_lat,
        r1_0.pickup_lon,
        r1_0.price,
        r1_0.source,
        r1_0.status,
        r1_0.time,
        r1_0.vehicle_type 
    from
        rides r1_0 
    where
        r1_0.id=?
Hibernate: 
    select
        u1_0.id,
        u1_0.car_model,
        u1_0.driver_verified_by_admin,
        u1_0.driver_wallet_balance,
        u1_0.email,
        u1_0.is_blocked,
        u1_0.license_plate,
        u1_0.name,
        u1_0.otp,
        u1_0.password,
        u1_0.phone,
        u1_0.rating,
        u1_0.rating_count,
        u1_0.role,
        u1_0.vehicle_capacity,
        u1_0.vehicle_type,
        u1_0.verified 
    from
        users u1_0 
    where
        u1_0.id=?
Hibernate: 
    select
        t1_0.id,
        t1_0.amount,
        t1_0.ride_booking_id,
        t1_0.created_at,
        t1_0.driver_id,
        t1_0.payment_id,
        t1_0.razorpay_order_id,
        t1_0.razorpay_payment_id,
        t1_0.status,
        t1_0.user_id 
    from
        transactions t1_0
Hibernate: 
    select
        u1_0.id,
        u1_0.car_model,
        u1_0.driver_verified_by_admin,
        u1_0.driver_wallet_balance,
        u1_0.email,
        u1_0.is_blocked,
        u1_0.license_plate,
        u1_0.name,
        u1_0.otp,
        u1_0.password,
        u1_0.phone,
        u1_0.rating,
        u1_0.rating_count,
        u1_0.role,
        u1_0.vehicle_capacity,
        u1_0.vehicle_type,
        u1_0.verified 
    from
        users u1_0 
    where
        u1_0.id=?
Hibernate: 
    select
        u1_0.id,
        u1_0.car_model,
        u1_0.driver_verified_by_admin,
        u1_0.driver_wallet_balance,
        u1_0.email,
        u1_0.is_blocked,
        u1_0.license_plate,
        u1_0.name,
        u1_0.otp,
        u1_0.password,
        u1_0.phone,
        u1_0.rating,
        u1_0.rating_count,
        u1_0.role,
        u1_0.vehicle_capacity,
        u1_0.vehicle_type,
        u1_0.verified 
    from
        users u1_0 
    where
        u1_0.id=?
Hibernate: 
    select
        u1_0.id,
        u1_0.car_model,
        u1_0.driver_verified_by_admin,
        u1_0.driver_wallet_balance,
        u1_0.email,
        u1_0.is_blocked,
        u1_0.license_plate,
        u1_0.name,
        u1_0.otp,
        u1_0.password,
        u1_0.phone,
        u1_0.rating,
        u1_0.rating_count,
        u1_0.role,
        u1_0.vehicle_capacity,
        u1_0.vehicle_type,
        u1_0.verified 
    from
        users u1_0 
    where
        u1_0.id=?
Hibernate: 
    select
        u1_0.id,
        u1_0.car_model,
        u1_0.driver_verified_by_admin,
        u1_0.driver_wallet_balance,
        u1_0.email,
        u1_0.is_blocked,
        u1_0.license_plate,
        u1_0.name,
        u1_0.otp,
        u1_0.password,
        u1_0.phone,
        u1_0.rating,
        u1_0.rating_count,
        u1_0.role,
        u1_0.vehicle_capacity,
        u1_0.vehicle_type,
        u1_0.verified 
    from
        users u1_0 
    where
        u1_0.id=?
Hibernate: 
    select
        t1_0.id,
        t1_0.amount,
        t1_0.ride_booking_id,
        t1_0.created_at,
        t1_0.driver_id,
        t1_0.payment_id,
        t1_0.razorpay_order_id,
        t1_0.razorpay_payment_id,
        t1_0.status,
        t1_0.user_id 
    from
        transactions t1_0
Hibernate: 
    select
        u1_0.id,
        u1_0.car_model,
        u1_0.driver_verified_by_admin,
        u1_0.driver_wallet_balance,
        u1_0.email,
        u1_0.is_blocked,
        u1_0.license_plate,
        u1_0.name,
        u1_0.otp,
        u1_0.password,
        u1_0.phone,
        u1_0.rating,
        u1_0.rating_count,
        u1_0.role,
        u1_0.vehicle_capacity,
        u1_0.vehicle_type,
        u1_0.verified 
    from
        users u1_0 
    where
        u1_0.id=?
Hibernate: 
    select
        u1_0.id,
        u1_0.car_model,
        u1_0.driver_verified_by_admin,
        u1_0.driver_wallet_balance,
        u1_0.email,
        u1_0.is_blocked,
        u1_0.license_plate,
        u1_0.name,
        u1_0.otp,
        u1_0.password,
        u1_0.phone,
        u1_0.rating,
        u1_0.rating_count,
        u1_0.role,
        u1_0.vehicle_capacity,
        u1_0.vehicle_type,
        u1_0.verified 
    from
        users u1_0 
    where
        u1_0.id=?
Hibernate: 
    select
        u1_0.id,
        u1_0.car_model,
        u1_0.driver_verified_by_admin,
        u1_0.driver_wallet_balance,
        u1_0.email,
        u1_0.is_blocked,
        u1_0.license_plate,
        u1_0.name,
        u1_0.otp,
        u1_0.password,
        u1_0.phone,
        u1_0.rating,
        u1_0.rating_count,
        u1_0.role,
        u1_0.vehicle_capacity,
        u1_0.vehicle_type,
        u1_0.verified 
    from
        users u1_0 
    where
        u1_0.id=?
Hibernate: 
    select
        u1_0.id,
        u1_0.car_model,
        u1_0.driver_verified_by_admin,
        u1_0.driver_wallet_balance,
        u1_0.email,
        u1_0.is_blocked,
        u1_0.license_plate,
        u1_0.name,
        u1_0.otp,
        u1_0.password,
        u1_0.phone,
        u1_0.rating,
        u1_0.rating_count,
        u1_0.role,
        u1_0.vehicle_capacity,
        u1_0.vehicle_type,
        u1_0.verified 
    from
        users u1_0 
    where
        u1_0.id=?
Hibernate: 
    select
        month(r1_0.date),
        year(r1_0.date),
        count(r1_0.id) 
    from
        rides r1_0 
    where
        r1_0.date>=cast(? as date) 
    group by
        year(r1_0.date),
        month(r1_0.date) 
    order by
        year(r1_0.date),
        month(r1_0.date)
Hibernate: 
    select
        month(b1_0.booking_time),
        year(b1_0.booking_time),
        count(b1_0.id) 
    from
        bookings b1_0 
    where
        cast(b1_0.status as char)='CANCELLED' 
        and b1_0.booking_time>=? 
    group by
        year(b1_0.booking_time),
        month(b1_0.booking_time) 
    order by
        year(b1_0.booking_time),
        month(b1_0.booking_time)
Hibernate: 
    select
        month(t1_0.created_at),
        year(t1_0.created_at),
        sum(t1_0.amount) 
    from
        transactions t1_0 
    where
        t1_0.status='COMPLETED' 
        and t1_0.created_at>=? 
    group by
        year(t1_0.created_at),
        month(t1_0.created_at) 
    order by
        year(t1_0.created_at),
        month(t1_0.created_at)
Hibernate: 
    select
        month(r1_0.date),
        year(r1_0.date),
        count(r1_0.id) 
    from
        rides r1_0 
    where
        r1_0.date>=cast(? as date) 
    group by
        year(r1_0.date),
        month(r1_0.date) 
    order by
        year(r1_0.date),
        month(r1_0.date)
Hibernate: 
    select
        month(t1_0.created_at),
        year(t1_0.created_at),
        sum(t1_0.amount) 
    from
        transactions t1_0 
    where
        t1_0.status='COMPLETED' 
        and t1_0.created_at>=? 
    group by
        year(t1_0.created_at),
        month(t1_0.created_at) 
    order by
        year(t1_0.created_at),
        month(t1_0.created_at)
Hibernate: 
    select
        month(b1_0.booking_time),
        year(b1_0.booking_time),
        count(b1_0.id) 
    from
        bookings b1_0 
    where
        cast(b1_0.status as char)='CANCELLED' 
        and b1_0.booking_time>=? 
    group by
        year(b1_0.booking_time),
        month(b1_0.booking_time) 
    order by
        year(b1_0.booking_time),
        month(b1_0.booking_time)
Hibernate: 
    select
        d1_0.id,
        d1_0.admin_note,
        d1_0.booking_id,
        d1_0.created_at,
        d1_0.description,
        d1_0.raised_against_id,
        d1_0.raised_by_id,
        d1_0.resolved_at,
        d1_0.resolved_by_id,
        d1_0.status,
        d1_0.type 
    from
        disputes d1_0 
    order by
        d1_0.created_at desc
Hibernate: 
    select
        u1_0.id,
        u1_0.car_model,
        u1_0.driver_verified_by_admin,
        u1_0.driver_wallet_balance,
        u1_0.email,
        u1_0.is_blocked,
        u1_0.license_plate,
        u1_0.name,
        u1_0.otp,
        u1_0.password,
        u1_0.phone,
        u1_0.rating,
        u1_0.rating_count,
        u1_0.role,
        u1_0.vehicle_capacity,
        u1_0.vehicle_type,
        u1_0.verified 
    from
        users u1_0 
    where
        u1_0.id=?
Hibernate: 
    select
        u1_0.id,
        u1_0.car_model,
        u1_0.driver_verified_by_admin,
        u1_0.driver_wallet_balance,
        u1_0.email,
        u1_0.is_blocked,
        u1_0.license_plate,
        u1_0.name,
        u1_0.otp,
        u1_0.password,
        u1_0.phone,
        u1_0.rating,
        u1_0.rating_count,
        u1_0.role,
        u1_0.vehicle_capacity,
        u1_0.vehicle_type,
        u1_0.verified 
    from
        users u1_0 
    where
        u1_0.id=?
Hibernate: 
    select
        u1_0.id,
        u1_0.car_model,
        u1_0.driver_verified_by_admin,
        u1_0.driver_wallet_balance,
        u1_0.email,
        u1_0.is_blocked,
        u1_0.license_plate,
        u1_0.name,
        u1_0.otp,
        u1_0.password,
        u1_0.phone,
        u1_0.rating,
        u1_0.rating_count,
        u1_0.role,
        u1_0.vehicle_capacity,
        u1_0.vehicle_type,
        u1_0.verified 
    from
        users u1_0 
    where
        u1_0.id=?
Hibernate: 
    select
        u1_0.id,
        u1_0.car_model,
        u1_0.driver_verified_by_admin,
        u1_0.driver_wallet_balance,
        u1_0.email,
        u1_0.is_blocked,
        u1_0.license_plate,
        u1_0.name,
        u1_0.otp,
        u1_0.password,
        u1_0.phone,
        u1_0.rating,
        u1_0.rating_count,
        u1_0.role,
        u1_0.vehicle_capacity,
        u1_0.vehicle_type,
        u1_0.verified 
    from
        users u1_0 
    where
        u1_0.id=?
Hibernate: 
    select
        d1_0.id,
        d1_0.admin_note,
        d1_0.booking_id,
        d1_0.created_at,
        d1_0.description,
        d1_0.raised_against_id,
        d1_0.raised_by_id,
        d1_0.resolved_at,
        d1_0.resolved_by_id,
        d1_0.status,
        d1_0.type 
    from
        disputes d1_0 
    order by
        d1_0.created_at desc
Hibernate: 
    select
        u1_0.id,
        u1_0.car_model,
        u1_0.driver_verified_by_admin,
        u1_0.driver_wallet_balance,
        u1_0.email,
        u1_0.is_blocked,
        u1_0.license_plate,
        u1_0.name,
        u1_0.otp,
        u1_0.password,
        u1_0.phone,
        u1_0.rating,
        u1_0.rating_count,
        u1_0.role,
        u1_0.vehicle_capacity,
        u1_0.vehicle_type,
        u1_0.verified 
    from
        users u1_0 
    where
        u1_0.id=?
Hibernate: 
    select
        u1_0.id,
        u1_0.car_model,
        u1_0.driver_verified_by_admin,
        u1_0.driver_wallet_balance,
        u1_0.email,
        u1_0.is_blocked,
        u1_0.license_plate,
        u1_0.name,
        u1_0.otp,
        u1_0.password,
        u1_0.phone,
        u1_0.rating,
        u1_0.rating_count,
        u1_0.role,
        u1_0.vehicle_capacity,
        u1_0.vehicle_type,
        u1_0.verified 
    from
        users u1_0 
    where
        u1_0.id=?
Hibernate: 
    select
        u1_0.id,
        u1_0.car_model,
        u1_0.driver_verified_by_admin,
        u1_0.driver_wallet_balance,
        u1_0.email,
        u1_0.is_blocked,
        u1_0.license_plate,
        u1_0.name,
        u1_0.otp,
        u1_0.password,
        u1_0.phone,
        u1_0.rating,
        u1_0.rating_count,
        u1_0.role,
        u1_0.vehicle_capacity,
        u1_0.vehicle_type,
        u1_0.verified 
    from
        users u1_0 
    where
        u1_0.id=?
Hibernate: 
    select
        u1_0.id,
        u1_0.car_model,
        u1_0.driver_verified_by_admin,
        u1_0.driver_wallet_balance,
        u1_0.email,
        u1_0.is_blocked,
        u1_0.license_plate,
        u1_0.name,
        u1_0.otp,
        u1_0.password,
        u1_0.phone,
        u1_0.rating,
        u1_0.rating_count,
        u1_0.role,
        u1_0.vehicle_capacity,
        u1_0.vehicle_type,
        u1_0.verified 
    from
        users u1_0 
    where
        u1_0.id=?
